<?xml version="1.0" encoding="UTF-8"?>
<testng-results skipped="0" failed="0" total="3" passed="3">
  <reporter-output>
  </reporter-output>
  <suite name="com.jaway.restassured.rest_assured.AppTest" duration-ms="3198" started-at="2015-09-20T17:59:59Z" finished-at="2015-09-20T18:00:02Z">
    <groups>
    </groups>
    <test name="Command line test" duration-ms="3198" started-at="2015-09-20T17:59:59Z" finished-at="2015-09-20T18:00:02Z">
      <class name="com.jaway.restassured.rest_assured.AppTest">
        <test-method status="PASS" signature="getRequestFindCapital(java.lang.String, java.lang.String, java.lang.String, java.lang.String)[pri:0, instance:com.jaway.restassured.rest_assured.AppTest@5b464ce8]" name="getRequestFindCapital" duration-ms="2212" started-at="2015-09-20T10:59:59Z" data-provider="getData" finished-at="2015-09-20T11:00:01Z">
          <params>
            <param index="0">
              <value>
                <![CDATA[Norway]]>
              </value>
            </param>
            <param index="1">
              <value>
                <![CDATA[Oslo]]>
              </value>
            </param>
            <param index="2">
              <value>
                <![CDATA[Europe]]>
              </value>
            </param>
            <param index="3">
              <value>
                <![CDATA[Norvegia]]>
              </value>
            </param>
          </params>
          <reporter-output>
          </reporter-output>
        </test-method> <!-- getRequestFindCapital -->
        <test-method status="PASS" signature="getRequestFindCapital(java.lang.String, java.lang.String, java.lang.String, java.lang.String)[pri:0, instance:com.jaway.restassured.rest_assured.AppTest@5b464ce8]" name="getRequestFindCapital" duration-ms="686" started-at="2015-09-20T11:00:01Z" data-provider="getData" finished-at="2015-09-20T11:00:02Z">
          <params>
            <param index="0">
              <value>
                <![CDATA[Britain]]>
              </value>
            </param>
            <param index="1">
              <value>
                <![CDATA[London]]>
              </value>
            </param>
            <param index="2">
              <value>
                <![CDATA[Europe]]>
              </value>
            </param>
            <param index="3">
              <value>
                <![CDATA[Regno Unito]]>
              </value>
            </param>
          </params>
          <reporter-output>
          </reporter-output>
        </test-method> <!-- getRequestFindCapital -->
        <test-method status="PASS" signature="getRequestFindCapital(java.lang.String, java.lang.String, java.lang.String, java.lang.String)[pri:0, instance:com.jaway.restassured.rest_assured.AppTest@5b464ce8]" name="getRequestFindCapital" duration-ms="271" started-at="2015-09-20T11:00:02Z" data-provider="getData" finished-at="2015-09-20T11:00:02Z">
          <params>
            <param index="0">
              <value>
                <![CDATA[Bangladesh]]>
              </value>
            </param>
            <param index="1">
              <value>
                <![CDATA[Dhaka]]>
              </value>
            </param>
            <param index="2">
              <value>
                <![CDATA[Asia]]>
              </value>
            </param>
            <param index="3">
              <value>
                <![CDATA[Bangladesh]]>
              </value>
            </param>
          </params>
          <reporter-output>
          </reporter-output>
        </test-method> <!-- getRequestFindCapital -->
      </class> <!-- com.jaway.restassured.rest_assured.AppTest -->
    </test> <!-- Command line test -->
  </suite> <!-- com.jaway.restassured.rest_assured.AppTest -->
</testng-results>
