<?xml version="1.0" encoding="UTF-8" ?>
<testsuite tests="3" failures="3" name="com.jaway.restassured.rest_assured.AppTest" time="2.533" errors="0" skipped="0">
  <properties>
[...]
</properties>
  <testcase classname="com.jaway.restassured.rest_assured.AppTest" name="getRequestFindCapital" time="2.015">
    <failure message="The following asserts failed:
expected [] but found [[Norvegia]]" type="java.lang.AssertionError">java.lang.AssertionError: The following asserts failed:
expected [] but found [[Norvegia]]
	at org.testng.asserts.SoftAssert.assertAll(SoftAssert.java:38)
	at com.jaway.restassured.rest_assured.AppTest.getRequestFindCapital(AppTest.java:41)
</failure>
    <system-out>Configuring TestNG with: org.apache.maven.surefire.testng.conf.TestNG652Configurator@726f3b58
http://restcountries.eu/rest/v1/name/Norway
[{&quot;name&quot;:&quot;Norway&quot;,&quot;capital&quot;:&quot;Oslo&quot;,&quot;altSpellings&quot;:[&quot;NO&quot;,&quot;Norge&quot;,&quot;Noreg&quot;,&quot;Kingdom of Norway&quot;,&quot;Kongeriket Norge&quot;,&quot;Kongeriket Noreg&quot;],&quot;relevance&quot;:&quot;1.5&quot;,&quot;region&quot;:&quot;Europe&quot;,&quot;subregion&quot;:&quot;Northern Europe&quot;,&quot;translations&quot;:{&quot;de&quot;:&quot;Norwegen&quot;,&quot;es&quot;:&quot;Noruega&quot;,&quot;fr&quot;:&quot;Norvège&quot;,&quot;ja&quot;:&quot;?????&quot;,&quot;it&quot;:&quot;Norvegia&quot;},&quot;population&quot;:5176998,&quot;latlng&quot;:[62.0,10.0],&quot;demonym&quot;:&quot;Norwegian&quot;,&quot;area&quot;:323802.0,&quot;gini&quot;:25.8,&quot;timezones&quot;:[&quot;UTC+01:00&quot;],&quot;borders&quot;:[&quot;FIN&quot;,&quot;SWE&quot;,&quot;RUS&quot;],&quot;nativeName&quot;:&quot;Norge&quot;,&quot;callingCodes&quot;:[&quot;47&quot;],&quot;topLevelDomain&quot;:[&quot;.no&quot;],&quot;alpha2Code&quot;:&quot;NO&quot;,&quot;alpha3Code&quot;:&quot;NOR&quot;,&quot;currencies&quot;:[&quot;NOK&quot;],&quot;languages&quot;:[&quot;no&quot;,&quot;nb&quot;,&quot;nn&quot;]}]
</system-out>
  </testcase>
  <testcase classname="com.jaway.restassured.rest_assured.AppTest" name="getRequestFindCapital" time="0.268">
    <failure message="The following asserts failed:
expected [] but found [[Regno Unito]]" type="java.lang.AssertionError">java.lang.AssertionError: The following asserts failed:
expected [] but found [[Regno Unito]]
	at org.testng.asserts.SoftAssert.assertAll(SoftAssert.java:38)
	at com.jaway.restassured.rest_assured.AppTest.getRequestFindCapital(AppTest.java:41)
</failure>
    <system-out>http://restcountries.eu/rest/v1/name/Britain
[{&quot;name&quot;:&quot;United Kingdom&quot;,&quot;capital&quot;:&quot;London&quot;,&quot;altSpellings&quot;:[&quot;GB&quot;,&quot;UK&quot;,&quot;Great Britain&quot;],&quot;relevance&quot;:&quot;2.5&quot;,&quot;region&quot;:&quot;Europe&quot;,&quot;subregion&quot;:&quot;Northern Europe&quot;,&quot;translations&quot;:{&quot;de&quot;:&quot;Vereinigtes Königreich&quot;,&quot;es&quot;:&quot;Reino Unido&quot;,&quot;fr&quot;:&quot;Royaume-Uni&quot;,&quot;ja&quot;:&quot;????&quot;,&quot;it&quot;:&quot;Regno Unito&quot;},&quot;population&quot;:64800000,&quot;latlng&quot;:[54.0,-2.0],&quot;demonym&quot;:&quot;British&quot;,&quot;area&quot;:242900.0,&quot;gini&quot;:34.0,&quot;timezones&quot;:[&quot;UTC?08:00&quot;,&quot;UTC?05:00&quot;,&quot;UTC?04:00&quot;,&quot;UTC?03:00&quot;,&quot;UTC?02:00&quot;,&quot;UTC&quot;,&quot;UTC+01:00&quot;,&quot;UTC+02:00&quot;,&quot;UTC+06:00&quot;],&quot;borders&quot;:[&quot;IRL&quot;],&quot;nativeName&quot;:&quot;United Kingdom&quot;,&quot;callingCodes&quot;:[&quot;44&quot;],&quot;topLevelDomain&quot;:[&quot;.uk&quot;],&quot;alpha2Code&quot;:&quot;GB&quot;,&quot;alpha3Code&quot;:&quot;GBR&quot;,&quot;currencies&quot;:[&quot;GBP&quot;],&quot;languages&quot;:[&quot;en&quot;]}]
</system-out>
  </testcase>
  <testcase classname="com.jaway.restassured.rest_assured.AppTest" name="getRequestFindCapital" time="0.25">
    <failure message="The following asserts failed:
expected [] but found [[Bangladesh]]" type="java.lang.AssertionError">java.lang.AssertionError: The following asserts failed:
expected [] but found [[Bangladesh]]
	at org.testng.asserts.SoftAssert.assertAll(SoftAssert.java:38)
	at com.jaway.restassured.rest_assured.AppTest.getRequestFindCapital(AppTest.java:41)
</failure>
    <system-out>http://restcountries.eu/rest/v1/name/Bangladesh
[{&quot;name&quot;:&quot;Bangladesh&quot;,&quot;capital&quot;:&quot;Dhaka&quot;,&quot;altSpellings&quot;:[&quot;BD&quot;,&quot;People&apos;s Republic of Bangladesh&quot;,&quot;Gônôprôjatôntri Bangladesh&quot;],&quot;relevance&quot;:&quot;2&quot;,&quot;region&quot;:&quot;Asia&quot;,&quot;subregion&quot;:&quot;Southern Asia&quot;,&quot;translations&quot;:{&quot;de&quot;:&quot;Bangladesch&quot;,&quot;es&quot;:&quot;Bangladesh&quot;,&quot;fr&quot;:&quot;Bangladesh&quot;,&quot;ja&quot;:&quot;???????&quot;,&quot;it&quot;:&quot;Bangladesh&quot;},&quot;population&quot;:158875000,&quot;latlng&quot;:[24.0,90.0],&quot;demonym&quot;:&quot;Bangladeshi&quot;,&quot;area&quot;:147570.0,&quot;gini&quot;:32.1,&quot;timezones&quot;:[&quot;UTC+06:00&quot;],&quot;borders&quot;:[&quot;MMR&quot;,&quot;IND&quot;],&quot;nativeName&quot;:&quot;Bangladesh&quot;,&quot;callingCodes&quot;:[&quot;880&quot;],&quot;topLevelDomain&quot;:[&quot;.bd&quot;],&quot;alpha2Code&quot;:&quot;BD&quot;,&quot;alpha3Code&quot;:&quot;BGD&quot;,&quot;currencies&quot;:[&quot;BDT&quot;],&quot;languages&quot;:[&quot;bn&quot;]}]
</system-out>
  </testcase>
</testsuite>