<?xml version="1.0" encoding="UTF-8"?>
<!-- Generated by org.testng.reporters.JUnitXMLReporter -->
<testsuite hostname="Tasmia" name="Default test" tests="3" failures="0" timestamp="29 Oct 2015 03:55:39 GMT" time="6.346" errors="0">
  <testcase name="getRequestFindCapital" time="5.759" classname="com.jaway.restassured.rest_assured.AppTest"/>
  <testcase name="getRequestFindCapital" time="0.265" classname="com.jaway.restassured.rest_assured.AppTest"/>
  <testcase name="getRequestFindCapital" time="0.297" classname="com.jaway.restassured.rest_assured.AppTest"/>
</testsuite> <!-- Default test -->
