<?xml version="1.0" encoding="UTF-8"?>
<!-- Generated by org.testng.reporters.JUnitXMLReporter -->
<testsuite hostname="Tasmia" name="Default test" tests="3" failures="0" timestamp="31 Aug 2015 08:17:43 GMT" time="2.717" errors="0">
  <testcase name="getRequestFindCapital" time="1.863" classname="com.jaway.restassured.rest_assured.AppTest"/>
  <testcase name="getRequestFindCapital" time="0.267" classname="com.jaway.restassured.rest_assured.AppTest"/>
  <testcase name="getRequestFindCapital" time="0.552" classname="com.jaway.restassured.rest_assured.AppTest"/>
</testsuite> <!-- Default test -->
