<?xml version="1.0" encoding="UTF-8"?>
<testng-results skipped="0" failed="0" total="3" passed="3">
  <reporter-output>
  </reporter-output>
  <suite name="Default suite" duration-ms="2516" started-at="2015-09-20T18:39:50Z" finished-at="2015-09-20T18:39:53Z">
    <groups>
    </groups>
    <test name="Default test" duration-ms="2516" started-at="2015-09-20T18:39:50Z" finished-at="2015-09-20T18:39:53Z">
      <class name="com.jaway.restassured.rest_assured.AppTest">
        <test-method status="PASS" signature="getRequestFindCapital(java.lang.String, java.lang.String, java.lang.String, java.lang.String)[pri:0, instance:com.jaway.restassured.rest_assured.AppTest@47fd17e3]" name="getRequestFindCapital" duration-ms="1985" started-at="2015-09-20T11:39:51Z" data-provider="getData" finished-at="2015-09-20T11:39:52Z">
          <params>
            <param index="0">
              <value>
                <![CDATA[Norway]]>
              </value>
            </param>
            <param index="1">
              <value>
                <![CDATA[Oslo]]>
              </value>
            </param>
            <param index="2">
              <value>
                <![CDATA[Europe]]>
              </value>
            </param>
            <param index="3">
              <value>
                <![CDATA[Norvegia]]>
              </value>
            </param>
          </params>
          <reporter-output>
          </reporter-output>
        </test-method> <!-- getRequestFindCapital -->
        <test-method status="PASS" signature="getRequestFindCapital(java.lang.String, java.lang.String, java.lang.String, java.lang.String)[pri:0, instance:com.jaway.restassured.rest_assured.AppTest@47fd17e3]" name="getRequestFindCapital" duration-ms="254" started-at="2015-09-20T11:39:52Z" data-provider="getData" finished-at="2015-09-20T11:39:53Z">
          <params>
            <param index="0">
              <value>
                <![CDATA[Britain]]>
              </value>
            </param>
            <param index="1">
              <value>
                <![CDATA[London]]>
              </value>
            </param>
            <param index="2">
              <value>
                <![CDATA[Europe]]>
              </value>
            </param>
            <param index="3">
              <value>
                <![CDATA[Regno Unito]]>
              </value>
            </param>
          </params>
          <reporter-output>
          </reporter-output>
        </test-method> <!-- getRequestFindCapital -->
        <test-method status="PASS" signature="getRequestFindCapital(java.lang.String, java.lang.String, java.lang.String, java.lang.String)[pri:0, instance:com.jaway.restassured.rest_assured.AppTest@47fd17e3]" name="getRequestFindCapital" duration-ms="252" started-at="2015-09-20T11:39:53Z" data-provider="getData" finished-at="2015-09-20T11:39:53Z">
          <params>
            <param index="0">
              <value>
                <![CDATA[Bangladesh]]>
              </value>
            </param>
            <param index="1">
              <value>
                <![CDATA[Dhaka]]>
              </value>
            </param>
            <param index="2">
              <value>
                <![CDATA[Asia]]>
              </value>
            </param>
            <param index="3">
              <value>
                <![CDATA[Bangladesh]]>
              </value>
            </param>
          </params>
          <reporter-output>
          </reporter-output>
        </test-method> <!-- getRequestFindCapital -->
      </class> <!-- com.jaway.restassured.rest_assured.AppTest -->
    </test> <!-- Default test -->
  </suite> <!-- Default suite -->
</testng-results>
