<?xml version="1.0" encoding="UTF-8"?>
<!-- Generated by org.testng.reporters.JUnitXMLReporter -->
<testsuite hostname="Tasmia" name="Command line test" tests="3" failures="0" timestamp="29 Oct 2015 03:56:25 GMT" time="2.534" errors="0">
  <testcase name="getRequestFindCapital" time="1.888" classname="com.jaway.restassured.rest_assured.AppTest"/>
  <testcase name="getRequestFindCapital" time="0.392" classname="com.jaway.restassured.rest_assured.AppTest"/>
  <testcase name="getRequestFindCapital" time="0.235" classname="com.jaway.restassured.rest_assured.AppTest"/>
</testsuite> <!-- Command line test -->
