<?xml version="1.0" encoding="UTF-8"?>
<!-- Generated by org.testng.reporters.JUnitXMLReporter -->
<testsuite hostname="Tasmia" name="Command line test" tests="3" failures="0" timestamp="20 Sep 2015 18:00:02 GMT" time="3.198" errors="0">
  <testcase name="getRequestFindCapital" time="2.212" classname="com.jaway.restassured.rest_assured.AppTest"/>
  <testcase name="getRequestFindCapital" time="0.686" classname="com.jaway.restassured.rest_assured.AppTest"/>
  <testcase name="getRequestFindCapital" time="0.271" classname="com.jaway.restassured.rest_assured.AppTest"/>
</testsuite> <!-- Command line test -->
